<?xml version="1.0" encoding="UTF-8"?>
<!-- Generated by org.testng.reporters.JUnitReportReporter -->
<testsuite hostname="LAPTOP-T2V2EV8Q" failures="0" tests="1" name="TestCase.TestCase" time="14.735" errors="0" timestamp="03 Dec 2021 03:18:04 GMT" skipped="0">
  <testcase classname="TestCase.TestCase" name="login" time="14.735"/>
</testsuite> <!-- TestCase.TestCase -->
