<?xml version="1.0" encoding="UTF-8"?>
<!-- Generated by org.testng.reporters.JUnitReportReporter -->
<testsuite hostname="LAPTOP-T2V2EV8Q" failures="0" tests="3" name="SeleniumTraining.DSAlgo" time="1596.645" errors="0" timestamp="02 Nov 2021 16:26:39 GMT" skipped="0">
  <testcase classname="SeleniumTraining.DSAlgo" name="f" time="533.334"/>
  <testcase classname="SeleniumTraining.DSAlgo" name="f" time="533.750"/>
  <testcase classname="SeleniumTraining.DSAlgo" name="f" time="529.561"/>
</testsuite> <!-- SeleniumTraining.DSAlgo -->
