<?xml version="1.0" encoding="UTF-8"?>
<!-- Generated by org.testng.reporters.JUnitReportReporter -->
<testsuite hostname="LAPTOP-T2V2EV8Q" failures="0" tests="1" name="SeleniumTraining.RobotClass" time="2.302" errors="0" timestamp="16 Sep 2021 16:35:02 GMT" skipped="0">
  <testcase classname="SeleniumTraining.RobotClass" name="robotclass" time="2.302"/>
</testsuite> <!-- SeleniumTraining.RobotClass -->
