<?xml version="1.0" encoding="UTF-8"?>
<!-- Generated by org.testng.reporters.JUnitReportReporter -->
<testsuite hostname="LAPTOP-T2V2EV8Q" failures="0" tests="1" name="SeleniumTraining.Alertbox" time="15.274" errors="0" timestamp="29 Jul 2021 01:55:41 GMT" skipped="0">
  <testcase classname="SeleniumTraining.Alertbox" name="AlertsexercisewithAccept" time="15.274"/>
</testsuite> <!-- SeleniumTraining.Alertbox -->
