<?xml version="1.0" encoding="UTF-8"?>
<!-- Generated by org.testng.reporters.JUnitReportReporter -->
<testsuite hostname="LAPTOP-T2V2EV8Q" failures="0" tests="1" name="SeleniumTraining.SignOut" time="44.635" errors="0" timestamp="02 Nov 2021 15:38:13 GMT" skipped="0">
  <testcase classname="SeleniumTraining.SignOut" name="f" time="44.635"/>
</testsuite> <!-- SeleniumTraining.SignOut -->
