<?xml version="1.0" encoding="UTF-8"?>
<!-- Generated by org.testng.reporters.JUnitReportReporter -->
<testsuite hostname="LAPTOP-T2V2EV8Q" failures="0" tests="1" name="SeleniumTraining.firefox" time="0.376" errors="0" timestamp="27 Jul 2021 14:14:19 GMT" skipped="0">
  <testcase classname="SeleniumTraining.firefox" name="f" time="0.376"/>
</testsuite> <!-- SeleniumTraining.firefox -->
