<?xml version="1.0" encoding="UTF-8"?>
<!-- Generated by org.testng.reporters.JUnitReportReporter -->
<testsuite hostname="LAPTOP-T2V2EV8Q" failures="0" tests="1" name="SeleniumTraining.RobotClassGlassdoor" time="65.313" errors="0" timestamp="17 Sep 2021 06:46:14 GMT" skipped="0">
  <testcase classname="SeleniumTraining.RobotClassGlassdoor" name="RobotClassGlassdr" time="65.313"/>
</testsuite> <!-- SeleniumTraining.RobotClassGlassdoor -->
