<?xml version="1.0" encoding="UTF-8"?>
<!-- Generated by org.testng.reporters.JUnitReportReporter -->
<testsuite hostname="LAPTOP-T2V2EV8Q" failures="0" tests="2" name="SeleniumTraining.iframe" time="10.647" errors="0" timestamp="31 Jul 2021 01:24:41 GMT" skipped="0">
  <testcase classname="SeleniumTraining.iframe" name="f" time="0.013"/>
  <testcase classname="SeleniumTraining.iframe" name="iframeOperation" time="10.634"/>
</testsuite> <!-- SeleniumTraining.iframe -->
