<?xml version="1.0" encoding="UTF-8"?>
<!-- Generated by org.testng.reporters.JUnitReportReporter -->
<testsuite hostname="LAPTOP-T2V2EV8Q" failures="0" tests="1" name="SeleniumTraining.RoboJaanvi" time="12.381" errors="0" timestamp="16 Sep 2021 19:12:45 GMT" skipped="0">
  <testcase classname="SeleniumTraining.RoboJaanvi" name="roboclass" time="12.381"/>
</testsuite> <!-- SeleniumTraining.RoboJaanvi -->
