<?xml version="1.0" encoding="UTF-8"?>
<!-- Generated by org.testng.reporters.JUnitReportReporter -->
<testsuite hostname="LAPTOP-T2V2EV8Q" failures="0" tests="1" name="SeleniumTraining.SwitchWindow" time="2.851" errors="0" timestamp="10 Aug 2021 02:12:23 GMT" skipped="0">
  <testcase classname="SeleniumTraining.SwitchWindow" name="f" time="2.851"/>
</testsuite> <!-- SeleniumTraining.SwitchWindow -->
