<?xml version="1.0" encoding="UTF-8"?>
<!-- Generated by org.testng.reporters.JUnitReportReporter -->
<testsuite hostname="LAPTOP-T2V2EV8Q" failures="0" tests="1" name="SeleniumTraining.screenshot" time="0.284" errors="0" timestamp="10 Aug 2021 02:32:09 GMT" skipped="0">
  <testcase classname="SeleniumTraining.screenshot" name="f" time="0.284"/>
</testsuite> <!-- SeleniumTraining.screenshot -->
