<?xml version="1.0" encoding="UTF-8"?>
<!-- Generated by org.testng.reporters.JUnitReportReporter -->
<testsuite hostname="LAPTOP-T2V2EV8Q" failures="0" tests="1" name="SeleniumTraining.FlUpload_noroboclass" time="0.186" errors="0" timestamp="03 Aug 2021 06:13:22 GMT" skipped="0">
  <testcase classname="SeleniumTraining.FlUpload_noroboclass" name="sendkeyexercise" time="0.186"/>
</testsuite> <!-- SeleniumTraining.FlUpload_noroboclass -->
