<?xml version="1.0" encoding="UTF-8"?>
<!-- Generated by org.testng.reporters.JUnitReportReporter -->
<testsuite hostname="LAPTOP-T2V2EV8Q" failures="0" tests="1" name="SeleniumTraining.SampleDriver" time="0.005" errors="0" timestamp="10 Aug 2021 02:32:09 GMT" skipped="0">
  <testcase classname="SeleniumTraining.SampleDriver" name="f" time="0.005"/>
</testsuite> <!-- SeleniumTraining.SampleDriver -->
