<?xml version="1.0" encoding="UTF-8"?>
<!-- Generated by org.testng.reporters.JUnitReportReporter -->
<testsuite hostname="LAPTOP-T2V2EV8Q" failures="0" tests="1" name="SeleniumTraining.draganddrop" time="1.730" errors="0" timestamp="16 Sep 2021 15:38:03 GMT" skipped="0">
  <testcase classname="SeleniumTraining.draganddrop" name="dragdropoperation" time="1.730"/>
</testsuite> <!-- SeleniumTraining.draganddrop -->
