<?xml version="1.0" encoding="UTF-8"?>
<!-- Generated by org.testng.reporters.JUnitReportReporter -->
<testsuite hostname="LAPTOP-T2V2EV8Q" failures="0" tests="1" name="SeleniumTraining.HoverOver" time="6.312" errors="0" timestamp="16 Sep 2021 15:15:06 GMT" skipped="0">
  <testcase classname="SeleniumTraining.HoverOver" name="MouseHoverOperation" time="6.312"/>
</testsuite> <!-- SeleniumTraining.HoverOver -->
